<?xml version="1.0" encoding="UTF-8"?>
<!-- Generated by org.testng.reporters.JUnitXMLReporter -->
<testsuite hostname="Dilrubas-MBP.lan" ignored="0" name=" First Test Run" tests="6" failures="0" timestamp="2020-11-25T21:23:56 EST" time="0.084" errors="0">
  <testcase name="test1" time="0.006" classname="practice.HookPractice"/>
  <testcase name="test2" time="0.003" classname="practice.HookPractice"/>
  <testcase name="test3" time="0.005" classname="practice.HookPractice"/>
  <testcase name="test4" time="0.0" classname="practice.HookPractice2"/>
  <testcase name="test5" time="0.002" classname="practice.HookPractice2"/>
  <testcase name="test6" time="0.012" classname="practice.HookPractice2"/>
</testsuite> <!--  First Test Run -->
