<?xml version="1.0" encoding="UTF-8"?>
<!-- Generated by org.testng.reporters.JUnitXMLReporter -->
<testsuite hostname="Dilrubas-MBP.lan" ignored="0" name="Default test" tests="3" failures="0" timestamp="2020-11-25T21:18:43 EST" time="0.063" errors="0">
  <testcase name="test1" time="0.006" classname="practice.HookPractice"/>
  <testcase name="test2" time="0.002" classname="practice.HookPractice"/>
  <testcase name="test3" time="0.007" classname="practice.HookPractice"/>
</testsuite> <!-- Default test -->
